16:54:05 INFO  : Registering command handlers for SDK TCF services
16:54:06 INFO  : Launching XSCT server: xsct.bat -interactive C:\Users\HWSW\Documents\project_2\project_2.sdk\temp_xsdb_launch_script.tcl
16:54:09 INFO  : XSCT server has started successfully.
16:54:09 INFO  : Successfully done setting XSCT server connection channel  
16:54:09 INFO  : Successfully done setting SDK workspace  
16:54:09 INFO  : Processing command line option -hwspec C:/Users/HWSW/Documents/project_2/project_2.sdk/design_1_wrapper.hdf.
17:01:40 INFO  : Inferring section assignments and sizes from elf file: C:\Users\HWSW\Documents\project_2\project_2.sdk\poj1\Debug\poj1.elf
17:02:16 INFO  : Inferring section assignments and sizes from elf file: C:\Users\HWSW\Documents\project_2\project_2.sdk\poj1\Debug\poj1.elf
17:02:35 INFO  : Successfully generated C:\Users\HWSW\Documents\project_2\project_2.sdk\poj1\src\lscript.ld.
17:02:35 INFO  : Applying linker script to all configurations of project poj1.
17:02:35 INFO  : Setting rebuild state to true for all configurations of project poj1.
17:03:42 INFO  : Connected to target on host '127.0.0.1' and port '3121'.
17:03:45 INFO  : 'targets -set -filter {jtag_cable_name =~ "Digilent Zybo 210279760322A" && level==0} -index 1' command is executed.
17:03:46 INFO  : FPGA configured successfully with bitstream "C:/Users/HWSW/Documents/project_2/project_2.sdk/design_1_wrapper_hw_platform_0/design_1_wrapper.bit"
17:04:56 WARN  : Given IPC port value is invalid. Using default port 2350
17:04:56 WARN  : Given XMD timeout value is invalid. Using default value of 50000
17:04:58 WARN  : Given XMD transaction timeout value is invalid. Using default value of 60000 milli seconds
17:04:58 WARN  : Given XMD transaction timeout value is invalid. Using default value of 60000 milli seconds
17:05:00 WARN  : Given XMD transaction timeout value is invalid. Using default value of 60000 milli seconds
17:05:00 WARN  : Given XMD transaction timeout value is invalid. Using default value of 60000 milli seconds
17:05:00 WARN  : Given XMD transaction timeout value is invalid. Using default value of 60000 milli seconds
17:05:01 WARN  : Given XMD transaction timeout value is invalid. Using default value of 60000 milli seconds
17:05:01 WARN  : Given XMD transaction timeout value is invalid. Using default value of 60000 milli seconds
17:05:01 WARN  : Given XMD transaction timeout value is invalid. Using default value of 60000 milli seconds
17:05:01 WARN  : Given XMD transaction timeout value is invalid. Using default value of 60000 milli seconds
17:05:01 INFO  : ps7_init is completed.
17:05:01 WARN  : Given XMD transaction timeout value is invalid. Using default value of 60000 milli seconds
17:05:01 INFO  : ps7_post_config is completed.
17:05:01 WARN  : Given XMD transaction timeout value is invalid. Using default value of 60000 milli seconds
17:05:01 WARN  : Given XMD transaction timeout value is invalid. Using default value of 60000 milli seconds
17:05:01 INFO  : Processor reset is completed for ps7_cortexa9_0
17:05:01 WARN  : Given XMD transaction timeout value is invalid. Using default value of 60000 milli seconds
17:05:02 WARN  : Given XMD transaction timeout value is invalid. Using default value of 60000 milli seconds
17:05:02 WARN  : Given XMD transaction timeout value is invalid. Using default value of 60000 milli seconds
17:05:02 WARN  : Given XMD transaction timeout value is invalid. Using default value of 60000 milli seconds
17:05:02 WARN  : Given XMD transaction timeout value is invalid. Using default value of 60000 milli seconds
17:05:02 WARN  : Given XMD transaction timeout value is invalid. Using default value of 60000 milli seconds
17:05:03 WARN  : Given XMD transaction timeout value is invalid. Using default value of 60000 milli seconds
17:05:03 WARN  : Given XMD transaction timeout value is invalid. Using default value of 60000 milli seconds
17:05:03 WARN  : Given XMD transaction timeout value is invalid. Using default value of 60000 milli seconds
17:05:03 WARN  : Given XMD transaction timeout value is invalid. Using default value of 60000 milli seconds
17:05:39 WARN  : Given XMD transaction timeout value is invalid. Using default value of 60000 milli seconds
17:05:39 WARN  : Given XMD transaction timeout value is invalid. Using default value of 60000 milli seconds
17:05:39 WARN  : Given XMD transaction timeout value is invalid. Using default value of 60000 milli seconds
17:05:39 WARN  : Given XMD transaction timeout value is invalid. Using default value of 60000 milli seconds
17:05:39 WARN  : Given XMD transaction timeout value is invalid. Using default value of 60000 milli seconds
17:05:39 WARN  : Given XMD transaction timeout value is invalid. Using default value of 60000 milli seconds
17:05:39 WARN  : Given XMD transaction timeout value is invalid. Using default value of 60000 milli seconds
17:05:39 INFO  : Processor reset is completed for ps7_cortexa9_0
17:05:39 WARN  : Given XMD transaction timeout value is invalid. Using default value of 60000 milli seconds
17:05:40 WARN  : Given XMD transaction timeout value is invalid. Using default value of 60000 milli seconds
17:05:40 WARN  : Given XMD transaction timeout value is invalid. Using default value of 60000 milli seconds
17:05:40 WARN  : Given XMD transaction timeout value is invalid. Using default value of 60000 milli seconds
17:05:40 WARN  : Given XMD transaction timeout value is invalid. Using default value of 60000 milli seconds
17:05:40 WARN  : Given XMD transaction timeout value is invalid. Using default value of 60000 milli seconds
17:05:40 WARN  : Given XMD transaction timeout value is invalid. Using default value of 60000 milli seconds
17:05:41 WARN  : Given XMD transaction timeout value is invalid. Using default value of 60000 milli seconds
17:05:41 WARN  : Given XMD transaction timeout value is invalid. Using default value of 60000 milli seconds
17:05:41 WARN  : Given XMD transaction timeout value is invalid. Using default value of 60000 milli seconds
17:07:50 WARN  : Given XMD transaction timeout value is invalid. Using default value of 60000 milli seconds
17:07:50 WARN  : Given XMD transaction timeout value is invalid. Using default value of 60000 milli seconds
17:07:50 WARN  : Given XMD transaction timeout value is invalid. Using default value of 60000 milli seconds
17:07:50 WARN  : Given XMD transaction timeout value is invalid. Using default value of 60000 milli seconds
17:07:50 WARN  : Given XMD transaction timeout value is invalid. Using default value of 60000 milli seconds
17:07:50 WARN  : Given XMD transaction timeout value is invalid. Using default value of 60000 milli seconds
17:07:50 WARN  : Given XMD transaction timeout value is invalid. Using default value of 60000 milli seconds
17:07:51 INFO  : Processor reset is completed for ps7_cortexa9_0
17:07:51 WARN  : Given XMD transaction timeout value is invalid. Using default value of 60000 milli seconds
17:07:51 WARN  : Given XMD transaction timeout value is invalid. Using default value of 60000 milli seconds
17:07:51 WARN  : Given XMD transaction timeout value is invalid. Using default value of 60000 milli seconds
17:07:51 WARN  : Given XMD transaction timeout value is invalid. Using default value of 60000 milli seconds
17:07:52 WARN  : Given XMD transaction timeout value is invalid. Using default value of 60000 milli seconds
17:07:52 WARN  : Given XMD transaction timeout value is invalid. Using default value of 60000 milli seconds
17:07:52 WARN  : Given XMD transaction timeout value is invalid. Using default value of 60000 milli seconds
17:07:52 WARN  : Given XMD transaction timeout value is invalid. Using default value of 60000 milli seconds
17:07:52 WARN  : Given XMD transaction timeout value is invalid. Using default value of 60000 milli seconds
17:07:52 WARN  : Given XMD transaction timeout value is invalid. Using default value of 60000 milli seconds
17:09:03 WARN  : Given XMD transaction timeout value is invalid. Using default value of 60000 milli seconds
17:09:03 WARN  : Given XMD transaction timeout value is invalid. Using default value of 60000 milli seconds
17:09:03 WARN  : Given XMD transaction timeout value is invalid. Using default value of 60000 milli seconds
17:09:03 WARN  : Given XMD transaction timeout value is invalid. Using default value of 60000 milli seconds
17:09:03 WARN  : Given XMD transaction timeout value is invalid. Using default value of 60000 milli seconds
17:09:04 WARN  : Given XMD transaction timeout value is invalid. Using default value of 60000 milli seconds
17:09:04 WARN  : Given XMD transaction timeout value is invalid. Using default value of 60000 milli seconds
17:09:04 INFO  : Processor reset is completed for ps7_cortexa9_0
17:09:04 WARN  : Given XMD transaction timeout value is invalid. Using default value of 60000 milli seconds
17:09:04 WARN  : Given XMD transaction timeout value is invalid. Using default value of 60000 milli seconds
17:09:05 WARN  : Given XMD transaction timeout value is invalid. Using default value of 60000 milli seconds
17:09:05 WARN  : Given XMD transaction timeout value is invalid. Using default value of 60000 milli seconds
17:09:05 WARN  : Given XMD transaction timeout value is invalid. Using default value of 60000 milli seconds
17:09:05 WARN  : Given XMD transaction timeout value is invalid. Using default value of 60000 milli seconds
17:09:05 WARN  : Given XMD transaction timeout value is invalid. Using default value of 60000 milli seconds
17:09:05 WARN  : Given XMD transaction timeout value is invalid. Using default value of 60000 milli seconds
17:09:06 WARN  : Given XMD transaction timeout value is invalid. Using default value of 60000 milli seconds
17:09:06 WARN  : Given XMD transaction timeout value is invalid. Using default value of 60000 milli seconds
17:10:09 WARN  : Given XMD transaction timeout value is invalid. Using default value of 60000 milli seconds
17:10:09 WARN  : Given XMD transaction timeout value is invalid. Using default value of 60000 milli seconds
17:10:09 WARN  : Given XMD transaction timeout value is invalid. Using default value of 60000 milli seconds
17:10:09 WARN  : Given XMD transaction timeout value is invalid. Using default value of 60000 milli seconds
17:10:09 WARN  : Given XMD transaction timeout value is invalid. Using default value of 60000 milli seconds
17:10:10 WARN  : Given XMD transaction timeout value is invalid. Using default value of 60000 milli seconds
17:10:10 WARN  : Given XMD transaction timeout value is invalid. Using default value of 60000 milli seconds
17:10:10 INFO  : Processor reset is completed for ps7_cortexa9_0
17:10:10 WARN  : Given XMD transaction timeout value is invalid. Using default value of 60000 milli seconds
17:10:10 WARN  : Given XMD transaction timeout value is invalid. Using default value of 60000 milli seconds
17:10:11 WARN  : Given XMD transaction timeout value is invalid. Using default value of 60000 milli seconds
17:10:11 WARN  : Given XMD transaction timeout value is invalid. Using default value of 60000 milli seconds
17:10:11 WARN  : Given XMD transaction timeout value is invalid. Using default value of 60000 milli seconds
17:10:11 WARN  : Given XMD transaction timeout value is invalid. Using default value of 60000 milli seconds
17:10:11 WARN  : Given XMD transaction timeout value is invalid. Using default value of 60000 milli seconds
17:10:12 WARN  : Given XMD transaction timeout value is invalid. Using default value of 60000 milli seconds
17:10:12 WARN  : Given XMD transaction timeout value is invalid. Using default value of 60000 milli seconds
17:10:12 WARN  : Given XMD transaction timeout value is invalid. Using default value of 60000 milli seconds
17:11:17 WARN  : Given XMD transaction timeout value is invalid. Using default value of 60000 milli seconds
17:11:17 WARN  : Given XMD transaction timeout value is invalid. Using default value of 60000 milli seconds
17:11:17 WARN  : Given XMD transaction timeout value is invalid. Using default value of 60000 milli seconds
17:11:17 WARN  : Given XMD transaction timeout value is invalid. Using default value of 60000 milli seconds
17:11:17 WARN  : Given XMD transaction timeout value is invalid. Using default value of 60000 milli seconds
17:11:17 WARN  : Given XMD transaction timeout value is invalid. Using default value of 60000 milli seconds
17:11:17 WARN  : Given XMD transaction timeout value is invalid. Using default value of 60000 milli seconds
17:11:17 INFO  : Processor reset is completed for ps7_cortexa9_0
17:11:17 WARN  : Given XMD transaction timeout value is invalid. Using default value of 60000 milli seconds
17:11:18 WARN  : Given XMD transaction timeout value is invalid. Using default value of 60000 milli seconds
17:11:18 WARN  : Given XMD transaction timeout value is invalid. Using default value of 60000 milli seconds
17:11:18 WARN  : Given XMD transaction timeout value is invalid. Using default value of 60000 milli seconds
17:11:18 WARN  : Given XMD transaction timeout value is invalid. Using default value of 60000 milli seconds
17:11:18 WARN  : Given XMD transaction timeout value is invalid. Using default value of 60000 milli seconds
17:11:19 WARN  : Given XMD transaction timeout value is invalid. Using default value of 60000 milli seconds
17:11:19 WARN  : Given XMD transaction timeout value is invalid. Using default value of 60000 milli seconds
17:11:19 WARN  : Given XMD transaction timeout value is invalid. Using default value of 60000 milli seconds
17:11:19 WARN  : Given XMD transaction timeout value is invalid. Using default value of 60000 milli seconds
17:11:49 WARN  : Given XMD transaction timeout value is invalid. Using default value of 60000 milli seconds
17:11:49 WARN  : Given XMD transaction timeout value is invalid. Using default value of 60000 milli seconds
17:11:49 WARN  : Given XMD transaction timeout value is invalid. Using default value of 60000 milli seconds
17:11:49 WARN  : Given XMD transaction timeout value is invalid. Using default value of 60000 milli seconds
17:11:49 WARN  : Given XMD transaction timeout value is invalid. Using default value of 60000 milli seconds
17:11:50 WARN  : Given XMD transaction timeout value is invalid. Using default value of 60000 milli seconds
17:11:50 WARN  : Given XMD transaction timeout value is invalid. Using default value of 60000 milli seconds
17:11:50 INFO  : Processor reset is completed for ps7_cortexa9_0
17:11:50 WARN  : Given XMD transaction timeout value is invalid. Using default value of 60000 milli seconds
17:11:50 WARN  : Given XMD transaction timeout value is invalid. Using default value of 60000 milli seconds
17:11:50 WARN  : Given XMD transaction timeout value is invalid. Using default value of 60000 milli seconds
17:11:51 WARN  : Given XMD transaction timeout value is invalid. Using default value of 60000 milli seconds
17:11:51 WARN  : Given XMD transaction timeout value is invalid. Using default value of 60000 milli seconds
17:11:51 WARN  : Given XMD transaction timeout value is invalid. Using default value of 60000 milli seconds
17:11:51 WARN  : Given XMD transaction timeout value is invalid. Using default value of 60000 milli seconds
17:11:51 WARN  : Given XMD transaction timeout value is invalid. Using default value of 60000 milli seconds
17:11:51 WARN  : Given XMD transaction timeout value is invalid. Using default value of 60000 milli seconds
17:11:52 WARN  : Given XMD transaction timeout value is invalid. Using default value of 60000 milli seconds
17:12:09 WARN  : Given XMD transaction timeout value is invalid. Using default value of 60000 milli seconds
17:12:09 WARN  : Given XMD transaction timeout value is invalid. Using default value of 60000 milli seconds
17:12:09 WARN  : Given XMD transaction timeout value is invalid. Using default value of 60000 milli seconds
17:12:09 WARN  : Given XMD transaction timeout value is invalid. Using default value of 60000 milli seconds
17:12:09 WARN  : Given XMD transaction timeout value is invalid. Using default value of 60000 milli seconds
17:12:09 WARN  : Given XMD transaction timeout value is invalid. Using default value of 60000 milli seconds
17:12:09 WARN  : Given XMD transaction timeout value is invalid. Using default value of 60000 milli seconds
17:12:10 INFO  : Processor reset is completed for ps7_cortexa9_0
17:12:10 WARN  : Given XMD transaction timeout value is invalid. Using default value of 60000 milli seconds
17:12:10 WARN  : Given XMD transaction timeout value is invalid. Using default value of 60000 milli seconds
17:12:10 WARN  : Given XMD transaction timeout value is invalid. Using default value of 60000 milli seconds
17:12:11 WARN  : Given XMD transaction timeout value is invalid. Using default value of 60000 milli seconds
17:12:11 WARN  : Given XMD transaction timeout value is invalid. Using default value of 60000 milli seconds
17:12:11 WARN  : Given XMD transaction timeout value is invalid. Using default value of 60000 milli seconds
17:12:11 WARN  : Given XMD transaction timeout value is invalid. Using default value of 60000 milli seconds
17:12:11 WARN  : Given XMD transaction timeout value is invalid. Using default value of 60000 milli seconds
17:12:11 WARN  : Given XMD transaction timeout value is invalid. Using default value of 60000 milli seconds
17:12:12 WARN  : Given XMD transaction timeout value is invalid. Using default value of 60000 milli seconds
17:12:48 WARN  : Given XMD transaction timeout value is invalid. Using default value of 60000 milli seconds
17:12:48 WARN  : Given XMD transaction timeout value is invalid. Using default value of 60000 milli seconds
17:12:49 WARN  : Given XMD transaction timeout value is invalid. Using default value of 60000 milli seconds
17:12:49 WARN  : Given XMD transaction timeout value is invalid. Using default value of 60000 milli seconds
17:12:49 WARN  : Given XMD transaction timeout value is invalid. Using default value of 60000 milli seconds
17:12:49 WARN  : Given XMD transaction timeout value is invalid. Using default value of 60000 milli seconds
17:12:49 WARN  : Given XMD transaction timeout value is invalid. Using default value of 60000 milli seconds
17:12:49 INFO  : Processor reset is completed for ps7_cortexa9_0
17:12:49 WARN  : Given XMD transaction timeout value is invalid. Using default value of 60000 milli seconds
17:12:50 WARN  : Given XMD transaction timeout value is invalid. Using default value of 60000 milli seconds
17:12:50 WARN  : Given XMD transaction timeout value is invalid. Using default value of 60000 milli seconds
17:12:50 WARN  : Given XMD transaction timeout value is invalid. Using default value of 60000 milli seconds
17:12:50 WARN  : Given XMD transaction timeout value is invalid. Using default value of 60000 milli seconds
17:12:50 WARN  : Given XMD transaction timeout value is invalid. Using default value of 60000 milli seconds
17:12:50 WARN  : Given XMD transaction timeout value is invalid. Using default value of 60000 milli seconds
17:12:51 WARN  : Given XMD transaction timeout value is invalid. Using default value of 60000 milli seconds
17:12:51 WARN  : Given XMD transaction timeout value is invalid. Using default value of 60000 milli seconds
17:12:51 WARN  : Given XMD transaction timeout value is invalid. Using default value of 60000 milli seconds
17:14:22 WARN  : Given XMD transaction timeout value is invalid. Using default value of 60000 milli seconds
17:14:22 WARN  : Given XMD transaction timeout value is invalid. Using default value of 60000 milli seconds
17:14:22 WARN  : Given XMD transaction timeout value is invalid. Using default value of 60000 milli seconds
17:14:22 WARN  : Given XMD transaction timeout value is invalid. Using default value of 60000 milli seconds
17:14:22 WARN  : Given XMD transaction timeout value is invalid. Using default value of 60000 milli seconds
17:14:22 WARN  : Given XMD transaction timeout value is invalid. Using default value of 60000 milli seconds
17:14:23 WARN  : Given XMD transaction timeout value is invalid. Using default value of 60000 milli seconds
17:14:23 INFO  : Processor reset is completed for ps7_cortexa9_0
17:14:23 WARN  : Given XMD transaction timeout value is invalid. Using default value of 60000 milli seconds
17:14:23 WARN  : Given XMD transaction timeout value is invalid. Using default value of 60000 milli seconds
17:14:24 WARN  : Given XMD transaction timeout value is invalid. Using default value of 60000 milli seconds
17:14:24 WARN  : Given XMD transaction timeout value is invalid. Using default value of 60000 milli seconds
17:14:24 WARN  : Given XMD transaction timeout value is invalid. Using default value of 60000 milli seconds
17:14:24 WARN  : Given XMD transaction timeout value is invalid. Using default value of 60000 milli seconds
17:14:24 WARN  : Given XMD transaction timeout value is invalid. Using default value of 60000 milli seconds
17:14:24 WARN  : Given XMD transaction timeout value is invalid. Using default value of 60000 milli seconds
17:14:25 WARN  : Given XMD transaction timeout value is invalid. Using default value of 60000 milli seconds
17:14:25 WARN  : Given XMD transaction timeout value is invalid. Using default value of 60000 milli seconds
17:14:29 WARN  : Given XMD transaction timeout value is invalid. Using default value of 60000 milli seconds
17:14:29 WARN  : Given XMD transaction timeout value is invalid. Using default value of 60000 milli seconds
17:14:29 WARN  : Given XMD transaction timeout value is invalid. Using default value of 60000 milli seconds
17:14:29 WARN  : Given XMD transaction timeout value is invalid. Using default value of 60000 milli seconds
17:14:29 WARN  : Given XMD transaction timeout value is invalid. Using default value of 60000 milli seconds
17:14:29 WARN  : Given XMD transaction timeout value is invalid. Using default value of 60000 milli seconds
17:14:29 WARN  : Given XMD transaction timeout value is invalid. Using default value of 60000 milli seconds
17:14:30 INFO  : Processor reset is completed for ps7_cortexa9_0
17:14:30 WARN  : Given XMD transaction timeout value is invalid. Using default value of 60000 milli seconds
17:14:30 WARN  : Given XMD transaction timeout value is invalid. Using default value of 60000 milli seconds
17:14:30 WARN  : Given XMD transaction timeout value is invalid. Using default value of 60000 milli seconds
17:14:30 WARN  : Given XMD transaction timeout value is invalid. Using default value of 60000 milli seconds
17:14:31 WARN  : Given XMD transaction timeout value is invalid. Using default value of 60000 milli seconds
17:14:31 WARN  : Given XMD transaction timeout value is invalid. Using default value of 60000 milli seconds
17:14:31 WARN  : Given XMD transaction timeout value is invalid. Using default value of 60000 milli seconds
17:14:31 WARN  : Given XMD transaction timeout value is invalid. Using default value of 60000 milli seconds
17:14:31 WARN  : Given XMD transaction timeout value is invalid. Using default value of 60000 milli seconds
17:14:32 WARN  : Given XMD transaction timeout value is invalid. Using default value of 60000 milli seconds
17:14:48 WARN  : Given XMD transaction timeout value is invalid. Using default value of 60000 milli seconds
17:14:48 WARN  : Given XMD transaction timeout value is invalid. Using default value of 60000 milli seconds
17:14:48 WARN  : Given XMD transaction timeout value is invalid. Using default value of 60000 milli seconds
17:14:48 WARN  : Given XMD transaction timeout value is invalid. Using default value of 60000 milli seconds
17:14:49 WARN  : Given XMD transaction timeout value is invalid. Using default value of 60000 milli seconds
17:14:49 WARN  : Given XMD transaction timeout value is invalid. Using default value of 60000 milli seconds
17:14:49 WARN  : Given XMD transaction timeout value is invalid. Using default value of 60000 milli seconds
17:14:49 INFO  : Processor reset is completed for ps7_cortexa9_0
17:14:49 WARN  : Given XMD transaction timeout value is invalid. Using default value of 60000 milli seconds
17:14:49 WARN  : Given XMD transaction timeout value is invalid. Using default value of 60000 milli seconds
17:14:50 WARN  : Given XMD transaction timeout value is invalid. Using default value of 60000 milli seconds
17:14:50 WARN  : Given XMD transaction timeout value is invalid. Using default value of 60000 milli seconds
17:14:50 WARN  : Given XMD transaction timeout value is invalid. Using default value of 60000 milli seconds
17:14:50 WARN  : Given XMD transaction timeout value is invalid. Using default value of 60000 milli seconds
17:14:50 WARN  : Given XMD transaction timeout value is invalid. Using default value of 60000 milli seconds
17:14:51 WARN  : Given XMD transaction timeout value is invalid. Using default value of 60000 milli seconds
17:14:51 WARN  : Given XMD transaction timeout value is invalid. Using default value of 60000 milli seconds
17:14:51 WARN  : Given XMD transaction timeout value is invalid. Using default value of 60000 milli seconds
17:14:57 WARN  : Given XMD transaction timeout value is invalid. Using default value of 60000 milli seconds
17:14:57 WARN  : Given XMD transaction timeout value is invalid. Using default value of 60000 milli seconds
17:14:57 WARN  : Given XMD transaction timeout value is invalid. Using default value of 60000 milli seconds
17:14:57 WARN  : Given XMD transaction timeout value is invalid. Using default value of 60000 milli seconds
17:14:57 WARN  : Given XMD transaction timeout value is invalid. Using default value of 60000 milli seconds
17:14:57 WARN  : Given XMD transaction timeout value is invalid. Using default value of 60000 milli seconds
17:14:57 WARN  : Given XMD transaction timeout value is invalid. Using default value of 60000 milli seconds
17:14:57 INFO  : Processor reset is completed for ps7_cortexa9_0
17:14:57 WARN  : Given XMD transaction timeout value is invalid. Using default value of 60000 milli seconds
17:14:58 WARN  : Given XMD transaction timeout value is invalid. Using default value of 60000 milli seconds
17:14:58 WARN  : Given XMD transaction timeout value is invalid. Using default value of 60000 milli seconds
17:14:58 WARN  : Given XMD transaction timeout value is invalid. Using default value of 60000 milli seconds
17:14:58 WARN  : Given XMD transaction timeout value is invalid. Using default value of 60000 milli seconds
17:14:58 WARN  : Given XMD transaction timeout value is invalid. Using default value of 60000 milli seconds
17:14:58 WARN  : Given XMD transaction timeout value is invalid. Using default value of 60000 milli seconds
17:14:59 WARN  : Given XMD transaction timeout value is invalid. Using default value of 60000 milli seconds
17:14:59 WARN  : Given XMD transaction timeout value is invalid. Using default value of 60000 milli seconds
17:14:59 WARN  : Given XMD transaction timeout value is invalid. Using default value of 60000 milli seconds
17:22:13 WARN  : Given XMD transaction timeout value is invalid. Using default value of 60000 milli seconds
17:22:13 WARN  : Given XMD transaction timeout value is invalid. Using default value of 60000 milli seconds
17:22:13 WARN  : Given XMD transaction timeout value is invalid. Using default value of 60000 milli seconds
17:22:13 WARN  : Given XMD transaction timeout value is invalid. Using default value of 60000 milli seconds
17:22:14 WARN  : Given XMD transaction timeout value is invalid. Using default value of 60000 milli seconds
17:22:14 WARN  : Given XMD transaction timeout value is invalid. Using default value of 60000 milli seconds
17:22:14 WARN  : Given XMD transaction timeout value is invalid. Using default value of 60000 milli seconds
17:22:14 INFO  : Processor reset is completed for ps7_cortexa9_0
17:22:14 WARN  : Given XMD transaction timeout value is invalid. Using default value of 60000 milli seconds
17:22:14 WARN  : Given XMD transaction timeout value is invalid. Using default value of 60000 milli seconds
17:22:15 WARN  : Given XMD transaction timeout value is invalid. Using default value of 60000 milli seconds
17:22:15 WARN  : Given XMD transaction timeout value is invalid. Using default value of 60000 milli seconds
17:22:15 WARN  : Given XMD transaction timeout value is invalid. Using default value of 60000 milli seconds
17:22:15 WARN  : Given XMD transaction timeout value is invalid. Using default value of 60000 milli seconds
17:22:15 WARN  : Given XMD transaction timeout value is invalid. Using default value of 60000 milli seconds
17:22:16 WARN  : Given XMD transaction timeout value is invalid. Using default value of 60000 milli seconds
17:22:16 WARN  : Given XMD transaction timeout value is invalid. Using default value of 60000 milli seconds
17:22:16 WARN  : Given XMD transaction timeout value is invalid. Using default value of 60000 milli seconds
17:23:51 WARN  : Given XMD transaction timeout value is invalid. Using default value of 60000 milli seconds
17:23:51 WARN  : Given XMD transaction timeout value is invalid. Using default value of 60000 milli seconds
17:23:51 WARN  : Given XMD transaction timeout value is invalid. Using default value of 60000 milli seconds
17:23:52 WARN  : Given XMD transaction timeout value is invalid. Using default value of 60000 milli seconds
17:23:52 WARN  : Given XMD transaction timeout value is invalid. Using default value of 60000 milli seconds
17:23:52 WARN  : Given XMD transaction timeout value is invalid. Using default value of 60000 milli seconds
17:23:52 WARN  : Given XMD transaction timeout value is invalid. Using default value of 60000 milli seconds
17:23:52 INFO  : Processor reset is completed for ps7_cortexa9_0
17:23:52 WARN  : Given XMD transaction timeout value is invalid. Using default value of 60000 milli seconds
17:23:52 WARN  : Given XMD transaction timeout value is invalid. Using default value of 60000 milli seconds
17:23:53 WARN  : Given XMD transaction timeout value is invalid. Using default value of 60000 milli seconds
17:23:53 WARN  : Given XMD transaction timeout value is invalid. Using default value of 60000 milli seconds
17:23:53 WARN  : Given XMD transaction timeout value is invalid. Using default value of 60000 milli seconds
17:23:53 WARN  : Given XMD transaction timeout value is invalid. Using default value of 60000 milli seconds
17:23:53 WARN  : Given XMD transaction timeout value is invalid. Using default value of 60000 milli seconds
17:23:54 WARN  : Given XMD transaction timeout value is invalid. Using default value of 60000 milli seconds
17:23:54 WARN  : Given XMD transaction timeout value is invalid. Using default value of 60000 milli seconds
17:23:54 WARN  : Given XMD transaction timeout value is invalid. Using default value of 60000 milli seconds
17:26:03 WARN  : Given XMD transaction timeout value is invalid. Using default value of 60000 milli seconds
17:26:03 WARN  : Given XMD transaction timeout value is invalid. Using default value of 60000 milli seconds
17:26:03 WARN  : Given XMD transaction timeout value is invalid. Using default value of 60000 milli seconds
17:26:03 WARN  : Given XMD transaction timeout value is invalid. Using default value of 60000 milli seconds
17:26:03 WARN  : Given XMD transaction timeout value is invalid. Using default value of 60000 milli seconds
17:26:03 WARN  : Given XMD transaction timeout value is invalid. Using default value of 60000 milli seconds
17:26:03 WARN  : Given XMD transaction timeout value is invalid. Using default value of 60000 milli seconds
17:26:03 INFO  : Processor reset is completed for ps7_cortexa9_0
17:26:03 WARN  : Given XMD transaction timeout value is invalid. Using default value of 60000 milli seconds
17:26:04 WARN  : Given XMD transaction timeout value is invalid. Using default value of 60000 milli seconds
17:26:04 WARN  : Given XMD transaction timeout value is invalid. Using default value of 60000 milli seconds
17:26:04 WARN  : Given XMD transaction timeout value is invalid. Using default value of 60000 milli seconds
17:26:04 WARN  : Given XMD transaction timeout value is invalid. Using default value of 60000 milli seconds
17:26:05 WARN  : Given XMD transaction timeout value is invalid. Using default value of 60000 milli seconds
17:26:05 WARN  : Given XMD transaction timeout value is invalid. Using default value of 60000 milli seconds
17:26:05 WARN  : Given XMD transaction timeout value is invalid. Using default value of 60000 milli seconds
17:26:05 WARN  : Given XMD transaction timeout value is invalid. Using default value of 60000 milli seconds
17:26:05 WARN  : Given XMD transaction timeout value is invalid. Using default value of 60000 milli seconds
17:28:55 WARN  : Given XMD transaction timeout value is invalid. Using default value of 60000 milli seconds
17:28:55 WARN  : Given XMD transaction timeout value is invalid. Using default value of 60000 milli seconds
17:28:55 WARN  : Given XMD transaction timeout value is invalid. Using default value of 60000 milli seconds
17:28:55 WARN  : Given XMD transaction timeout value is invalid. Using default value of 60000 milli seconds
17:28:55 WARN  : Given XMD transaction timeout value is invalid. Using default value of 60000 milli seconds
17:28:55 WARN  : Given XMD transaction timeout value is invalid. Using default value of 60000 milli seconds
17:28:55 WARN  : Given XMD transaction timeout value is invalid. Using default value of 60000 milli seconds
17:28:55 INFO  : Processor reset is completed for ps7_cortexa9_0
17:28:55 WARN  : Given XMD transaction timeout value is invalid. Using default value of 60000 milli seconds
17:28:56 WARN  : Given XMD transaction timeout value is invalid. Using default value of 60000 milli seconds
17:28:56 WARN  : Given XMD transaction timeout value is invalid. Using default value of 60000 milli seconds
17:28:56 WARN  : Given XMD transaction timeout value is invalid. Using default value of 60000 milli seconds
17:28:56 WARN  : Given XMD transaction timeout value is invalid. Using default value of 60000 milli seconds
17:28:56 WARN  : Given XMD transaction timeout value is invalid. Using default value of 60000 milli seconds
17:28:56 WARN  : Given XMD transaction timeout value is invalid. Using default value of 60000 milli seconds
17:28:57 WARN  : Given XMD transaction timeout value is invalid. Using default value of 60000 milli seconds
17:28:57 WARN  : Given XMD transaction timeout value is invalid. Using default value of 60000 milli seconds
17:28:57 WARN  : Given XMD transaction timeout value is invalid. Using default value of 60000 milli seconds
17:29:15 WARN  : Given XMD transaction timeout value is invalid. Using default value of 60000 milli seconds
17:29:15 WARN  : Given XMD transaction timeout value is invalid. Using default value of 60000 milli seconds
17:29:15 WARN  : Given XMD transaction timeout value is invalid. Using default value of 60000 milli seconds
17:29:15 WARN  : Given XMD transaction timeout value is invalid. Using default value of 60000 milli seconds
17:29:16 WARN  : Given XMD transaction timeout value is invalid. Using default value of 60000 milli seconds
17:29:16 WARN  : Given XMD transaction timeout value is invalid. Using default value of 60000 milli seconds
17:29:16 WARN  : Given XMD transaction timeout value is invalid. Using default value of 60000 milli seconds
17:29:16 INFO  : Processor reset is completed for ps7_cortexa9_0
17:29:16 WARN  : Given XMD transaction timeout value is invalid. Using default value of 60000 milli seconds
17:29:16 WARN  : Given XMD transaction timeout value is invalid. Using default value of 60000 milli seconds
17:29:17 WARN  : Given XMD transaction timeout value is invalid. Using default value of 60000 milli seconds
17:29:17 WARN  : Given XMD transaction timeout value is invalid. Using default value of 60000 milli seconds
17:29:17 WARN  : Given XMD transaction timeout value is invalid. Using default value of 60000 milli seconds
17:29:17 WARN  : Given XMD transaction timeout value is invalid. Using default value of 60000 milli seconds
17:29:17 WARN  : Given XMD transaction timeout value is invalid. Using default value of 60000 milli seconds
17:29:18 WARN  : Given XMD transaction timeout value is invalid. Using default value of 60000 milli seconds
17:29:18 WARN  : Given XMD transaction timeout value is invalid. Using default value of 60000 milli seconds
17:29:18 WARN  : Given XMD transaction timeout value is invalid. Using default value of 60000 milli seconds
17:29:21 WARN  : Given XMD transaction timeout value is invalid. Using default value of 60000 milli seconds
17:29:21 WARN  : Given XMD transaction timeout value is invalid. Using default value of 60000 milli seconds
17:29:21 WARN  : Given XMD transaction timeout value is invalid. Using default value of 60000 milli seconds
17:29:21 WARN  : Given XMD transaction timeout value is invalid. Using default value of 60000 milli seconds
17:29:21 WARN  : Given XMD transaction timeout value is invalid. Using default value of 60000 milli seconds
17:29:21 WARN  : Given XMD transaction timeout value is invalid. Using default value of 60000 milli seconds
17:29:22 WARN  : Given XMD transaction timeout value is invalid. Using default value of 60000 milli seconds
17:29:22 INFO  : Processor reset is completed for ps7_cortexa9_0
17:29:22 WARN  : Given XMD transaction timeout value is invalid. Using default value of 60000 milli seconds
17:29:22 WARN  : Given XMD transaction timeout value is invalid. Using default value of 60000 milli seconds
17:29:22 WARN  : Given XMD transaction timeout value is invalid. Using default value of 60000 milli seconds
17:29:23 WARN  : Given XMD transaction timeout value is invalid. Using default value of 60000 milli seconds
17:29:23 WARN  : Given XMD transaction timeout value is invalid. Using default value of 60000 milli seconds
17:29:23 WARN  : Given XMD transaction timeout value is invalid. Using default value of 60000 milli seconds
17:29:23 WARN  : Given XMD transaction timeout value is invalid. Using default value of 60000 milli seconds
17:29:24 WARN  : Given XMD transaction timeout value is invalid. Using default value of 60000 milli seconds
17:29:24 WARN  : Given XMD transaction timeout value is invalid. Using default value of 60000 milli seconds
17:29:24 WARN  : Given XMD transaction timeout value is invalid. Using default value of 60000 milli seconds
17:38:54 WARN  : Given XMD transaction timeout value is invalid. Using default value of 60000 milli seconds
17:38:54 WARN  : Given XMD transaction timeout value is invalid. Using default value of 60000 milli seconds
17:38:54 WARN  : Given XMD transaction timeout value is invalid. Using default value of 60000 milli seconds
17:38:54 WARN  : Given XMD transaction timeout value is invalid. Using default value of 60000 milli seconds
17:38:54 WARN  : Given XMD transaction timeout value is invalid. Using default value of 60000 milli seconds
17:38:54 WARN  : Given XMD transaction timeout value is invalid. Using default value of 60000 milli seconds
17:38:54 WARN  : Given XMD transaction timeout value is invalid. Using default value of 60000 milli seconds
17:38:54 INFO  : Processor reset is completed for ps7_cortexa9_0
17:38:54 WARN  : Given XMD transaction timeout value is invalid. Using default value of 60000 milli seconds
17:38:55 WARN  : Given XMD transaction timeout value is invalid. Using default value of 60000 milli seconds
17:38:55 WARN  : Given XMD transaction timeout value is invalid. Using default value of 60000 milli seconds
17:38:55 WARN  : Given XMD transaction timeout value is invalid. Using default value of 60000 milli seconds
17:38:55 WARN  : Given XMD transaction timeout value is invalid. Using default value of 60000 milli seconds
17:38:55 WARN  : Given XMD transaction timeout value is invalid. Using default value of 60000 milli seconds
17:38:55 WARN  : Given XMD transaction timeout value is invalid. Using default value of 60000 milli seconds
17:38:56 WARN  : Given XMD transaction timeout value is invalid. Using default value of 60000 milli seconds
17:38:56 WARN  : Given XMD transaction timeout value is invalid. Using default value of 60000 milli seconds
17:38:56 WARN  : Given XMD transaction timeout value is invalid. Using default value of 60000 milli seconds
17:40:27 WARN  : Given XMD transaction timeout value is invalid. Using default value of 60000 milli seconds
17:40:27 WARN  : Given XMD transaction timeout value is invalid. Using default value of 60000 milli seconds
17:40:27 WARN  : Given XMD transaction timeout value is invalid. Using default value of 60000 milli seconds
17:40:27 WARN  : Given XMD transaction timeout value is invalid. Using default value of 60000 milli seconds
17:40:27 WARN  : Given XMD transaction timeout value is invalid. Using default value of 60000 milli seconds
17:40:28 WARN  : Given XMD transaction timeout value is invalid. Using default value of 60000 milli seconds
17:40:28 WARN  : Given XMD transaction timeout value is invalid. Using default value of 60000 milli seconds
17:40:28 INFO  : Processor reset is completed for ps7_cortexa9_0
17:40:28 WARN  : Given XMD transaction timeout value is invalid. Using default value of 60000 milli seconds
17:40:28 WARN  : Given XMD transaction timeout value is invalid. Using default value of 60000 milli seconds
17:40:29 WARN  : Given XMD transaction timeout value is invalid. Using default value of 60000 milli seconds
17:40:29 WARN  : Given XMD transaction timeout value is invalid. Using default value of 60000 milli seconds
17:40:29 WARN  : Given XMD transaction timeout value is invalid. Using default value of 60000 milli seconds
17:40:29 WARN  : Given XMD transaction timeout value is invalid. Using default value of 60000 milli seconds
17:40:29 WARN  : Given XMD transaction timeout value is invalid. Using default value of 60000 milli seconds
17:40:29 WARN  : Given XMD transaction timeout value is invalid. Using default value of 60000 milli seconds
17:40:30 WARN  : Given XMD transaction timeout value is invalid. Using default value of 60000 milli seconds
17:40:30 WARN  : Given XMD transaction timeout value is invalid. Using default value of 60000 milli seconds
